--- Copying files at Sun Apr 26 18:39:09 UTC 2020
INSTALLED plugins/blueocean-events.jpi : 1.23.0
INSTALLED plugins/workflow-job.jpi : 2.38
INSTALLED plugins/github-api.jpi : 1.111
INSTALLED plugins/ssh-credentials.jpi : 1.18.1
INSTALLED plugins/authentication-tokens.jpi : 1.3
INSTALLED plugins/pubsub-light.jpi : 1.13
INSTALLED plugins/mercurial.jpi : 2.10
INSTALLED plugins/cloudbees-folder.jpi : 6.12
INSTALLED plugins/ace-editor.jpi : 1.1
INSTALLED plugins/cloudbees-bitbucket-branch-source.jpi : 2.7.0
INSTALLED plugins/trilead-api.jpi : 1.0.6
INSTALLED plugins/scm-api.jpi : 2.6.3
INSTALLED plugins/display-url-api.jpi : 2.3.2
INSTALLED plugins/branch-api.jpi : 2.5.6
INSTALLED plugins/jackson2-api.jpi : 2.10.3
INSTALLED plugins/variant.jpi : 1.3
INSTALLED plugins/git-server.jpi : 1.9
INSTALLED plugins/blueocean-i18n.jpi : 1.23.0
INSTALLED plugins/htmlpublisher.jpi : 1.22
INSTALLED plugins/blueocean-rest.jpi : 1.23.0
INSTALLED plugins/jsch.jpi : 0.1.55.2
INSTALLED plugins/workflow-durable-task-step.jpi : 2.35
INSTALLED plugins/script-security.jpi : 1.71
INSTALLED plugins/pipeline-build-step.jpi : 2.12
INSTALLED plugins/blueocean-commons.jpi : 1.23.0
INSTALLED plugins/blueocean-pipeline-editor.jpi : 1.23.0
INSTALLED plugins/junit.jpi : 1.28
INSTALLED plugins/pipeline-milestone-step.jpi : 1.3.1
INSTALLED plugins/sse-gateway.jpi : 1.23
INSTALLED plugins/mailer.jpi : 1.32
INSTALLED plugins/pipeline-stage-step.jpi : 2.3
INSTALLED plugins/favorite.jpi : 2.3.2
INSTALLED plugins/structs.jpi : 1.20
INSTALLED plugins/git.jpi : 4.2.2
INSTALLED plugins/docker-commons.jpi : 1.16
INSTALLED plugins/github-branch-source.jpi : 2.7.1
INSTALLED plugins/blueocean-bitbucket-pipeline.jpi : 1.23.0
INSTALLED plugins/blueocean-display-url.jpi : 2.3.1
INSTALLED plugins/durable-task.jpi : 1.34
INSTALLED plugins/matrix-auth.jpi : 2.5
INSTALLED plugins/git-client.jpi : 3.2.1
INSTALLED plugins/antisamy-markup-formatter.jpi : 2.0
INSTALLED plugins/blueocean-pipeline-scm-api.jpi : 1.23.0
INSTALLED plugins/blueocean-pipeline-api-impl.jpi : 1.23.0
INSTALLED plugins/docker-workflow.jpi : 1.23
INSTALLED plugins/workflow-cps-global-lib.jpi : 2.16
INSTALLED plugins/plain-credentials.jpi : 1.7
INSTALLED plugins/blueocean.jpi : 1.23.0
INSTALLED plugins/workflow-api.jpi : 2.40
INSTALLED plugins/workflow-multibranch.jpi : 2.21
INSTALLED plugins/blueocean-dashboard.jpi : 1.23.0
INSTALLED plugins/blueocean-config.jpi : 1.23.0
INSTALLED plugins/pipeline-model-extensions.jpi : 1.6.0
INSTALLED plugins/credentials-binding.jpi : 1.22
INSTALLED plugins/jquery-detached.jpi : 1.2.1
INSTALLED plugins/blueocean-git-pipeline.jpi : 1.23.0
INSTALLED plugins/pipeline-input-step.jpi : 2.11
INSTALLED plugins/jenkins-design-language.jpi : 1.23.0
INSTALLED plugins/blueocean-autofavorite.jpi : 1.2.4
INSTALLED plugins/blueocean-personalization.jpi : 1.23.0
INSTALLED plugins/blueocean-core-js.jpi : 1.23.0
INSTALLED plugins/workflow-basic-steps.jpi : 2.20
INSTALLED plugins/matrix-project.jpi : 1.14
INSTALLED plugins/workflow-cps.jpi : 2.80
INSTALLED plugins/pipeline-stage-tags-metadata.jpi : 1.6.0
INSTALLED plugins/jira.jpi : 3.0.15
INSTALLED plugins/pipeline-model-api.jpi : 1.6.0
INSTALLED plugins/blueocean-web.jpi : 1.23.0
INSTALLED plugins/blueocean-jwt.jpi : 1.23.0
INSTALLED plugins/blueocean-github-pipeline.jpi : 1.23.0
INSTALLED plugins/handy-uri-templates-2-api.jpi : 2.1.8-1.0
INSTALLED plugins/github.jpi : 1.29.5
INSTALLED plugins/apache-httpcomponents-client-4-api.jpi : 4.5.10-2.0
INSTALLED plugins/workflow-scm-step.jpi : 2.11
INSTALLED plugins/pipeline-model-declarative-agent.jpi : 1.1.1
INSTALLED plugins/token-macro.jpi : 2.12
INSTALLED plugins/blueocean-jira.jpi : 1.23.0
INSTALLED plugins/credentials.jpi : 2.3.7
INSTALLED plugins/workflow-support.jpi : 3.4
INSTALLED plugins/workflow-step-api.jpi : 2.22
INSTALLED plugins/pipeline-graph-analysis.jpi : 1.10
INSTALLED plugins/blueocean-rest-impl.jpi : 1.23.0
INSTALLED plugins/pipeline-model-definition.jpi : 1.6.0
--- Copying files at Mon Apr 27 07:56:59 UTC 2020
